g:\university\onedrive\onedrive - university of the west of scotland\3rd year\1st - 2nd trimester\algorithms and collections\coursework 2\job status\job status\x64\debug\vc142.pdb
g:\university\onedrive\onedrive - university of the west of scotland\3rd year\1st - 2nd trimester\algorithms and collections\coursework 2\job status\job status\x64\debug\.netframework,version=v4.7.2.assemblyattributes.obj
g:\university\onedrive\onedrive - university of the west of scotland\3rd year\1st - 2nd trimester\algorithms and collections\coursework 2\job status\job status\x64\debug\main_menu.obj
g:\university\onedrive\onedrive - university of the west of scotland\3rd year\1st - 2nd trimester\algorithms and collections\coursework 2\job status\job status\x64\debug\load_file.obj
g:\university\onedrive\onedrive - university of the west of scotland\3rd year\1st - 2nd trimester\algorithms and collections\coursework 2\job status\job status\x64\debug\display_job_info.obj
g:\university\onedrive\onedrive - university of the west of scotland\3rd year\1st - 2nd trimester\algorithms and collections\coursework 2\job status\job status\x64\debug\add_job_info.obj
g:\university\onedrive\onedrive - university of the west of scotland\3rd year\1st - 2nd trimester\algorithms and collections\coursework 2\job status\job status\x64\debug\jobstatus.add_job_info.resources
g:\university\onedrive\onedrive - university of the west of scotland\3rd year\1st - 2nd trimester\algorithms and collections\coursework 2\job status\job status\x64\debug\jobstatus.display_job_info.resources
g:\university\onedrive\onedrive - university of the west of scotland\3rd year\1st - 2nd trimester\algorithms and collections\coursework 2\job status\job status\x64\debug\jobstatus.load_file.resources
g:\university\onedrive\onedrive - university of the west of scotland\3rd year\1st - 2nd trimester\algorithms and collections\coursework 2\job status\job status\x64\debug\jobstatus.main_menu.resources
g:\university\onedrive\onedrive - university of the west of scotland\3rd year\1st - 2nd trimester\algorithms and collections\coursework 2\job status\job status\x64\debug\vcpkg.applocal.log
g:\university\onedrive\onedrive - university of the west of scotland\3rd year\1st - 2nd trimester\algorithms and collections\coursework 2\job status\x64\debug\job status.exe
g:\university\onedrive\onedrive - university of the west of scotland\3rd year\1st - 2nd trimester\algorithms and collections\coursework 2\job status\x64\debug\job status.pdb
g:\university\onedrive\onedrive - university of the west of scotland\3rd year\1st - 2nd trimester\algorithms and collections\coursework 2\job status\job status\x64\debug\job status.tlog\cl.command.1.tlog
g:\university\onedrive\onedrive - university of the west of scotland\3rd year\1st - 2nd trimester\algorithms and collections\coursework 2\job status\job status\x64\debug\job status.tlog\cl.read.1.tlog
g:\university\onedrive\onedrive - university of the west of scotland\3rd year\1st - 2nd trimester\algorithms and collections\coursework 2\job status\job status\x64\debug\job status.tlog\cl.write.1.tlog
g:\university\onedrive\onedrive - university of the west of scotland\3rd year\1st - 2nd trimester\algorithms and collections\coursework 2\job status\job status\x64\debug\job status.tlog\job status.write.1u.tlog
g:\university\onedrive\onedrive - university of the west of scotland\3rd year\1st - 2nd trimester\algorithms and collections\coursework 2\job status\job status\x64\debug\job status.tlog\link.command.1.tlog
g:\university\onedrive\onedrive - university of the west of scotland\3rd year\1st - 2nd trimester\algorithms and collections\coursework 2\job status\job status\x64\debug\job status.tlog\link.read.1.tlog
g:\university\onedrive\onedrive - university of the west of scotland\3rd year\1st - 2nd trimester\algorithms and collections\coursework 2\job status\job status\x64\debug\job status.tlog\link.write.1.tlog
g:\university\onedrive\onedrive - university of the west of scotland\3rd year\1st - 2nd trimester\algorithms and collections\coursework 2\job status\job status\x64\debug\job status.tlog\metagen.read.1.tlog
g:\university\onedrive\onedrive - university of the west of scotland\3rd year\1st - 2nd trimester\algorithms and collections\coursework 2\job status\job status\x64\debug\job status.tlog\metagen.write.1.tlog
